<?xml version="1.0" encoding="UTF-8"?>
<!-- Generated by org.testng.reporters.JUnitXMLReporter -->
<testsuite ignored="0" hostname="LAPTOP-D3UG8L5U" failures="0" tests="8" name="Default test" time="1.166" errors="0" timestamp="2022-04-13T12:17:45 IST">
  <testcase classname="storedprocedures.StoredFunctionTest" name="test_storedFunctionExists" time="0.089"/>
  <testcase classname="storedprocedures.StoredFunctionTest" name="test_CustomerLevel_with_procedure" time="0.084"/>
  <testcase classname="storedprocedures.StoredFunctionTest" name="test_CustomerLevel_with_sql_statement" time="0.032"/>
  <testcase classname="storedprocedures.StoredProcedureTest" name="test_storedProceduresExists" time="0.005"/>
  <testcase classname="storedprocedures.StoredProcedureTest" name="test_SelectAllCustomers" time="0.037"/>
  <testcase classname="storedprocedures.StoredProcedureTest" name="test_SelectAllCustomersByCity" time="0.013"/>
  <testcase classname="storedprocedures.StoredProcedureTest" name="test_getOrderByCust" time="0.021"/>
  <testcase classname="storedprocedures.StoredProcedureTest" name="test_getCustomerShipping" time="0.012"/>
</testsuite> <!-- Default test -->
